  Emulator.cpp
  PPU.cpp
C:\project\NES-emulator\NES\NES\PPU.cpp(16,96): warning C4244: '=': 'Addr'에서 'byte'(으)로 변환하면서 데이터가 손실될 수 있습니다.
C:\project\NES-emulator\NES\NES\PPU.cpp(195,50): warning C4267: '인수': 'size_t'에서 'const _Ty'(으)로 변환하면서 데이터가 손실될 수 있습니다.
          with
          [
              _Ty=byte
          ]
  VScreen.cpp
C:\project\NES-emulator\NES\NES\VScreen.cpp(7,20): warning C4018: '<': signed 또는 unsigned가 일치하지 않습니다.
C:\project\NES-emulator\NES\NES\VScreen.cpp(8,28): warning C4244: '=': '_Tp'에서 'uchar'(으)로 변환하면서 데이터가 손실될 수 있습니다.
          with
          [
              _Tp=double
          ]
C:\project\NES-emulator\NES\NES\VScreen.cpp(9,28): warning C4244: '=': '_Tp'에서 'uchar'(으)로 변환하면서 데이터가 손실될 수 있습니다.
          with
          [
              _Tp=double
          ]
C:\project\NES-emulator\NES\NES\VScreen.cpp(10,28): warning C4244: '=': '_Tp'에서 'uchar'(으)로 변환하면서 데이터가 손실될 수 있습니다.
          with
          [
              _Tp=double
          ]
C:\project\NES-emulator\NES\NES\VScreen.cpp(19,17): warning C4018: '>=': signed 또는 unsigned가 일치하지 않습니다.
C:\project\NES-emulator\NES\NES\VScreen.cpp(19,40): warning C4018: '>=': signed 또는 unsigned가 일치하지 않습니다.
C:\project\NES-emulator\NES\NES\VScreen.cpp(22,18): warning C4244: '=': '_Tp'에서 '_Tp'(으)로 변환하면서 데이터가 손실될 수 있습니다.
          with
          [
              _Tp=double
          ]
          and
          [
              _Tp=uchar
          ]
C:\project\NES-emulator\NES\NES\VScreen.cpp(23,18): warning C4244: '=': '_Tp'에서 '_Tp'(으)로 변환하면서 데이터가 손실될 수 있습니다.
          with
          [
              _Tp=double
          ]
          and
          [
              _Tp=uchar
          ]
C:\project\NES-emulator\NES\NES\VScreen.cpp(24,18): warning C4244: '=': '_Tp'에서 '_Tp'(으)로 변환하면서 데이터가 손실될 수 있습니다.
          with
          [
              _Tp=double
          ]
          and
          [
              _Tp=uchar
          ]
  main.cpp
  코드를 생성하고 있습니다...
  NES.vcxproj -> C:\project\NES-emulator\NES\x64\Debug\NES.exe
